<?xml version="1.0" encoding="UTF-8"?>
<!-- Generated by org.testng.reporters.JUnitXMLReporter -->
<testsuite hostname="LAPTOP-TSUNCLF6" failures="0" tests="5" name="Command line test" time="0.873" errors="0" timestamp="21 Nov 2021 05:07:07 GMT">
  <testcase classname="org.apidesign.bck2brwsr.vmtest.impl.LaunchSetup" name="@BeforeGroups initializeLauncher" time="0.0">
    <failure type="java.lang.NullPointerException" message="Cannot invoke &amp;quot;javax.script.ScriptEngine.eval(String)&amp;quot; because &amp;quot;mach&amp;quot; is null">
      <![CDATA[java.lang.NullPointerException: Cannot invoke "javax.script.ScriptEngine.eval(String)" because "mach" is null
	at org.apidesign.bck2brwsr.launcher.JSLauncher.initRhino(JSLauncher.java:96)
	at org.apidesign.bck2brwsr.launcher.JSLauncher.initialize(JSLauncher.java:72)
	at org.apidesign.bck2brwsr.vmtest.impl.LaunchSetup.initializeLauncher(LaunchSetup.java:69)
	at org.apache.maven.surefire.testng.TestNGExecutor.run(TestNGExecutor.java:77)
	at org.apache.maven.surefire.testng.TestNGDirectoryTestSuite.executeMulti(TestNGDirectoryTestSuite.java:159)
	at org.apache.maven.surefire.testng.TestNGDirectoryTestSuite.execute(TestNGDirectoryTestSuite.java:99)
	at org.apache.maven.surefire.testng.TestNGProvider.invoke(TestNGProvider.java:106)
	at org.apache.maven.surefire.util.ReflectionUtils.invokeMethodWithArray(ReflectionUtils.java:189)
	at org.apache.maven.surefire.booter.ProviderFactory$ProviderProxy.invoke(ProviderFactory.java:165)
	at org.apache.maven.surefire.booter.ProviderFactory.invokeProvider(ProviderFactory.java:85)
	at org.apache.maven.surefire.booter.ForkedBooter.runSuitesInProcess(ForkedBooter.java:115)
	at org.apache.maven.surefire.booter.ForkedBooter.main(ForkedBooter.java:75)
... Removed 29 stack frames]]>
    </failure>
  </testcase> <!-- @BeforeGroups initializeLauncher -->
  <testcase classname="icici.AppTest" name="testHelloMessage" time="0.016"/>
  <testcase classname="org.apidesign.bck2brwsr.vmtest.impl.Bck2BrwsrCase" name="modifyValueAssertChangeInModel[Brwsr]" time="0.0">
    <skipped/>
  </testcase> <!-- modifyValueAssertChangeInModel[Brwsr] -->
  <testcase classname="org.apidesign.bck2brwsr.vmtest.impl.Bck2BrwsrCase" name="checkStringHashCode[Java]" time="0.0">
    <skipped/>
  </testcase> <!-- checkStringHashCode[Java] -->
  <testcase classname="org.apidesign.bck2brwsr.vmtest.impl.Bck2BrwsrCase" name="checkStringHashCode[JavaScript]" time="0.008">
    <skipped/>
  </testcase> <!-- checkStringHashCode[JavaScript] -->
  <testcase classname="org.apidesign.bck2brwsr.vmtest.impl.CompareCase" name="compareResults" time="0.0">
    <skipped/>
  </testcase> <!-- compareResults -->
</testsuite> <!-- Command line test -->
