<?xml version="1.0" encoding="UTF-8"?>
<testng-results total="5" passed="1" failed="0" skipped="4">
  <reporter-output>
  </reporter-output>
  <suite started-at="2021-11-21T12:07:06Z" name="Command line suite" finished-at="2021-11-21T12:07:07Z" duration-ms="873">
    <groups>
      <group name="run">
        <method signature="Bck2BrwsrCase.executeCode()[pri:0, instance:org.apidesign.bck2brwsr.vmtest.impl.Bck2BrwsrCase@149494d8]" name="executeCode" class="org.apidesign.bck2brwsr.vmtest.impl.Bck2BrwsrCase"/>
        <method signature="Bck2BrwsrCase.executeCode()[pri:0, instance:org.apidesign.bck2brwsr.vmtest.impl.Bck2BrwsrCase@4d1b0d2a]" name="executeCode" class="org.apidesign.bck2brwsr.vmtest.impl.Bck2BrwsrCase"/>
        <method signature="Bck2BrwsrCase.executeCode()[pri:0, instance:org.apidesign.bck2brwsr.vmtest.impl.Bck2BrwsrCase@954b04f]" name="executeCode" class="org.apidesign.bck2brwsr.vmtest.impl.Bck2BrwsrCase"/>
      </group> <!-- run -->
    </groups>
    <test started-at="2021-11-21T12:07:06Z" name="Command line test" finished-at="2021-11-21T12:07:07Z" duration-ms="873">
      <class name="org.apidesign.bck2brwsr.vmtest.impl.CompareCase">
        <test-method signature="compareResults()[pri:0, instance:org.apidesign.bck2brwsr.vmtest.impl.CompareCase@7276c8cd]" started-at="2021-11-21T12:07:07Z" name="compareResults" depends-on-groups="run" finished-at="2021-11-21T12:07:07Z" duration-ms="0" status="SKIP">
        </test-method> <!-- compareResults -->
      </class> <!-- org.apidesign.bck2brwsr.vmtest.impl.CompareCase -->
      <class name="org.apidesign.bck2brwsr.vmtest.impl.LaunchSetup">
        <test-method is-config="true" signature="initializeLauncher()[pri:0, instance:org.apidesign.bck2brwsr.vmtest.impl.LaunchSetup@1786f9d5]" started-at="2021-11-21T12:07:06Z" name="initializeLauncher" finished-at="2021-11-21T12:07:06Z" duration-ms="0" status="FAIL">
          <exception class="java.lang.NullPointerException">
            <message>
              <![CDATA[Cannot invoke "javax.script.ScriptEngine.eval(String)" because "mach" is null]]>
            </message>
            <full-stacktrace>
              <![CDATA[java.lang.NullPointerException: Cannot invoke "javax.script.ScriptEngine.eval(String)" because "mach" is null
	at org.apidesign.bck2brwsr.launcher.JSLauncher.initRhino(JSLauncher.java:96)
	at org.apidesign.bck2brwsr.launcher.JSLauncher.initialize(JSLauncher.java:72)
	at org.apidesign.bck2brwsr.vmtest.impl.LaunchSetup.initializeLauncher(LaunchSetup.java:69)
	at java.base/jdk.internal.reflect.NativeMethodAccessorImpl.invoke0(Native Method)
	at java.base/jdk.internal.reflect.NativeMethodAccessorImpl.invoke(NativeMethodAccessorImpl.java:77)
	at java.base/jdk.internal.reflect.DelegatingMethodAccessorImpl.invoke(DelegatingMethodAccessorImpl.java:43)
	at java.base/java.lang.reflect.Method.invoke(Method.java:568)
	at org.testng.internal.MethodInvocationHelper.invokeMethod(MethodInvocationHelper.java:80)
	at org.testng.internal.Invoker.invokeConfigurationMethod(Invoker.java:551)
	at org.testng.internal.Invoker.invokeConfigurations(Invoker.java:213)
	at org.testng.internal.Invoker.invokeConfigurations(Invoker.java:138)
	at org.testng.internal.Invoker.invokeBeforeGroupsConfigurations(Invoker.java:931)
	at org.testng.internal.Invoker.invokeMethod(Invoker.java:632)
	at org.testng.internal.Invoker.invokeTestMethod(Invoker.java:894)
	at org.testng.internal.Invoker.invokeTestMethods(Invoker.java:1219)
	at org.testng.internal.TestMethodWorker.invokeTestMethods(TestMethodWorker.java:127)
	at org.testng.internal.TestMethodWorker.run(TestMethodWorker.java:111)
	at org.testng.TestRunner.privateRun(TestRunner.java:768)
	at org.testng.TestRunner.run(TestRunner.java:617)
	at org.testng.SuiteRunner.runTest(SuiteRunner.java:334)
	at org.testng.SuiteRunner.runSequentially(SuiteRunner.java:329)
	at org.testng.SuiteRunner.privateRun(SuiteRunner.java:291)
	at org.testng.SuiteRunner.run(SuiteRunner.java:240)
	at org.testng.SuiteRunnerWorker.runSuite(SuiteRunnerWorker.java:53)
	at org.testng.SuiteRunnerWorker.run(SuiteRunnerWorker.java:87)
	at org.testng.TestNG.runSuitesSequentially(TestNG.java:1188)
	at org.testng.TestNG.runSuitesLocally(TestNG.java:1113)
	at org.testng.TestNG.run(TestNG.java:1025)
	at org.apache.maven.surefire.testng.TestNGExecutor.run(TestNGExecutor.java:77)
	at org.apache.maven.surefire.testng.TestNGDirectoryTestSuite.executeMulti(TestNGDirectoryTestSuite.java:159)
	at org.apache.maven.surefire.testng.TestNGDirectoryTestSuite.execute(TestNGDirectoryTestSuite.java:99)
	at org.apache.maven.surefire.testng.TestNGProvider.invoke(TestNGProvider.java:106)
	at java.base/jdk.internal.reflect.NativeMethodAccessorImpl.invoke0(Native Method)
	at java.base/jdk.internal.reflect.NativeMethodAccessorImpl.invoke(NativeMethodAccessorImpl.java:77)
	at java.base/jdk.internal.reflect.DelegatingMethodAccessorImpl.invoke(DelegatingMethodAccessorImpl.java:43)
	at java.base/java.lang.reflect.Method.invoke(Method.java:568)
	at org.apache.maven.surefire.util.ReflectionUtils.invokeMethodWithArray(ReflectionUtils.java:189)
	at org.apache.maven.surefire.booter.ProviderFactory$ProviderProxy.invoke(ProviderFactory.java:165)
	at org.apache.maven.surefire.booter.ProviderFactory.invokeProvider(ProviderFactory.java:85)
	at org.apache.maven.surefire.booter.ForkedBooter.runSuitesInProcess(ForkedBooter.java:115)
	at org.apache.maven.surefire.booter.ForkedBooter.main(ForkedBooter.java:75)
]]>
            </full-stacktrace>
          </exception> <!-- java.lang.NullPointerException -->
        </test-method> <!-- initializeLauncher -->
        <test-method is-config="true" signature="shutDownLauncher()[pri:0, instance:org.apidesign.bck2brwsr.vmtest.impl.LaunchSetup@1786f9d5]" started-at="2021-11-21T12:07:06Z" name="shutDownLauncher" finished-at="2021-11-21T12:07:07Z" duration-ms="117" status="PASS">
        </test-method> <!-- shutDownLauncher -->
      </class> <!-- org.apidesign.bck2brwsr.vmtest.impl.LaunchSetup -->
      <class name="icici.AppTest">
        <test-method is-config="true" signature="initModel()[pri:0, instance:icici.AppTest@646007f4]" started-at="2021-11-21T12:07:06Z" name="initModel" finished-at="2021-11-21T12:07:06Z" duration-ms="26" status="PASS">
        </test-method> <!-- initModel -->
        <test-method signature="testHelloMessage()[pri:0, instance:icici.AppTest@646007f4]" started-at="2021-11-21T12:07:06Z" name="testHelloMessage" finished-at="2021-11-21T12:07:06Z" duration-ms="16" status="PASS">
        </test-method> <!-- testHelloMessage -->
      </class> <!-- icici.AppTest -->
      <class name="org.apidesign.bck2brwsr.vmtest.impl.Bck2BrwsrCase">
        <test-method signature="executeCode()[pri:0, instance:org.apidesign.bck2brwsr.vmtest.impl.Bck2BrwsrCase@149494d8]" started-at="2021-11-21T12:07:06Z" name="executeCode" test-instance-name="modifyValueAssertChangeInModel[Brwsr]" finished-at="2021-11-21T12:07:06Z" duration-ms="0" status="SKIP">
        </test-method> <!-- executeCode -->
        <test-method signature="executeCode()[pri:0, instance:org.apidesign.bck2brwsr.vmtest.impl.Bck2BrwsrCase@4d1b0d2a]" started-at="2021-11-21T12:07:06Z" name="executeCode" test-instance-name="checkStringHashCode[Java]" finished-at="2021-11-21T12:07:06Z" duration-ms="0" status="SKIP">
        </test-method> <!-- executeCode -->
        <test-method signature="executeCode()[pri:0, instance:org.apidesign.bck2brwsr.vmtest.impl.Bck2BrwsrCase@954b04f]" started-at="2021-11-21T12:07:06Z" name="executeCode" test-instance-name="checkStringHashCode[JavaScript]" finished-at="2021-11-21T12:07:06Z" duration-ms="8" status="SKIP">
        </test-method> <!-- executeCode -->
      </class> <!-- org.apidesign.bck2brwsr.vmtest.impl.Bck2BrwsrCase -->
    </test> <!-- Command line test -->
  </suite> <!-- Command line suite -->
</testng-results>
